<?xml version="1.0" encoding="UTF-8"?>
<!-- Generated by org.testng.reporters.JUnitReportReporter -->
<testsuite skipped="0" hostname="LAPTOP-V84DQ0AN" name="qaclickacademy.Mavenjava.AppiumTest" tests="2" failures="0" timestamp="2021-07-16T18:44:09 IST" time="0.001" errors="0">
  <testcase name="NativeappAndroid" time="0.000" classname="qaclickacademy.Mavenjava.AppiumTest"/>
  <system-out/>
  <testcase name="IoSApps" time="0.001" classname="qaclickacademy.Mavenjava.AppiumTest"/>
  <system-out/>
</testsuite> <!-- qaclickacademy.Mavenjava.AppiumTest -->
